2026-01-20T22:18:44 | touched: LICENSE
2025-09-23T06:51:15 | touched: scripts/deploy.js
2025-07-02T09:18:29 | touched: scripts/cli.js
2025-11-25T12:32:35 | touched: scripts/frontend-integration.js
2026-02-05T02:49:11 | touched: README.md
2026-01-22T16:03:33 | touched: LICENSE
2026-02-01T02:12:18 | touched: package.json
2026-01-11T00:39:24 | touched: scripts/deploy.js
2025-10-30T20:51:17 | touched: scripts/cli.js
2026-01-10T04:38:41 | touched: contracts/Pooluniswapswap.sol
2025-12-18T22:27:34 | touched: contracts/Pooluniswapswap.sol
2025-05-13T02:14:16 | touched: README.md
2024-09-08T17:35:22 | touched: README.md
2025-10-18T18:53:04 | touched: scripts/frontend-integration.js
2025-02-04T19:58:59 | touched: .env.example
2025-08-18T03:34:14 | touched: .env.example
2025-10-05T22:24:27 | touched: scripts/frontend-integration.js
2025-06-30T04:53:59 | touched: contracts/Pooluniswapswap.sol
2025-02-28T16:47:54 | touched: contracts/Pooluniswapswap.sol
2025-03-20T13:27:27 | touched: test/Pooluniswapswap.test.js
2025-11-07T11:31:24 | touched: scripts/api-server.js
2025-04-27T23:30:53 | touched: README.md
2025-04-14T14:24:38 | touched: scripts/interact.js
2025-11-23T06:54:39 | touched: scripts/cli.js
2025-04-12T00:19:04 | touched: contracts/Pooluniswapswap.sol
2025-09-03T06:44:19 | touched: scripts/interact.js
2025-10-21T01:14:25 | touched: scripts/deploy.js
2025-04-23T15:58:08 | touched: scripts/cli.js
2025-09-20T11:18:15 | touched: README.md
